nohup: ignoring input
获取成功!
1/119
2/119
3/119
4/119
5/119
6/119
7/119
8/119
9/119
10/119
11/119
12/119
13/119
14/119
15/119
16/119
17/119
18/119
19/119
20/119
21/119
22/119
23/119
24/119
25/119
26/119
27/119
28/119
29/119
30/119
31/119
32/119
33/119
34/119
35/119
36/119
37/119
38/119
39/119
40/119
41/119
42/119
43/119
44/119
45/119
46/119
47/119
48/119
49/119
50/119
51/119
52/119
53/119
54/119
55/119
56/119
57/119
58/119
59/119
60/119
61/119
62/119
63/119
64/119
65/119
66/119
67/119
68/119
69/119
70/119
71/119
72/119
73/119
74/119
75/119
76/119
77/119
78/119
79/119
80/119
81/119
82/119
83/119
84/119
85/119
86/119
87/119
88/119
89/119
90/119
91/119
92/119
93/119
94/119
95/119
96/119
97/119
98/119
99/119
100/119
101/119
102/119
103/119
104/119
105/119
106/119
107/119
108/119
109/119
110/119
111/119
112/119
113/119
114/119
115/119
116/119
117/119
118/119
119/119
[]
['[master 644e4f5] update\n', ' 1 file changed, 16 insertions(+), 3 deletions(-)\n']
warning: push.default is unset; its implicit value is changing in
Git 2.0 from 'matching' to 'simple'. To squelch this message
and maintain the current behavior after the default changes, use:

  git config --global push.default matching

To squelch this message and adopt the new behavior now, use:

  git config --global push.default simple

See 'git help config' and search for 'push.default' for further information.
(the 'simple' mode was introduced in Git 1.7.11. Use the similar mode
'current' instead of 'simple' if you sometimes use older versions of Git)

To git@github.com:shengqiangzhang/leetcode-revise.git
   0d493c8..644e4f5  master -> master
[]
已于2020-08-15 05:16:01 更新README.md文件
等待360分钟后再次检测更新...
获取成功!
1/119
2/119
3/119
4/119
5/119
6/119
7/119
8/119
9/119
10/119
11/119
12/119
13/119
14/119
15/119
16/119
17/119
18/119
19/119
20/119
21/119
22/119
23/119
24/119
25/119
26/119
27/119
28/119
29/119
30/119
31/119
32/119
33/119
34/119
35/119
36/119
37/119
38/119
39/119
40/119
41/119
42/119
43/119
44/119
45/119
46/119
47/119
48/119
49/119
50/119
51/119
52/119
53/119
54/119
55/119
56/119
57/119
58/119
59/119
60/119
61/119
62/119
63/119
64/119
65/119
66/119
67/119
68/119
69/119
70/119
71/119
72/119
73/119
74/119
75/119
76/119
77/119
78/119
79/119
80/119
81/119
82/119
83/119
84/119
85/119
86/119
87/119
88/119
89/119
90/119
91/119
92/119
93/119
94/119
95/119
96/119
97/119
98/119
99/119
100/119
101/119
102/119
103/119
104/119
105/119
106/119
107/119
108/119
109/119
110/119
111/119
112/119
113/119
114/119
115/119
116/119
117/119
118/119
119/119
